<?xml version="1.0" encoding="UTF-8"?>
<testsuite xmlns:xsi="http://www.w3.org/2001/XMLSchema-instance" xsi:noNamespaceSchemaLocation="https://maven.apache.org/surefire/maven-surefire-plugin/xsd/surefire-test-report.xsd" name="Ex4Test.TestEx4" time="0.125" tests="26" errors="0" skipped="0" failures="0">
  <properties>
[...]
</properties>
  <testcase name="Drop_Elemento_Con_Colision_3a_Posicion" classname="Ex4Test.TestEx4" time="0"/>
  <testcase name="Drop_Elemento_No_Existe" classname="Ex4Test.TestEx4" time="0.002"/>
  <testcase name="Actualizar_Elemento_Con_Dos_Colisiones" classname="Ex4Test.TestEx4" time="0.001"/>
  <testcase name="PUT_Con_Una_Colision" classname="Ex4Test.TestEx4" time="0.003"/>
  <testcase name="Drop_Elemento_No_Existe_Posicion_Ocupada_Por_Otra_No_Colisiona" classname="Ex4Test.TestEx4" time="0.001"/>
  <testcase name="Actualizar_Elemento_Sin_Colision" classname="Ex4Test.TestEx4" time="0.001"/>
  <testcase name="Actualizar_Elemento_Con_Colision" classname="Ex4Test.TestEx4" time="0.001"/>
  <testcase name="Get_Sin_Colision_Tabla_Vacia" classname="Ex4Test.TestEx4" time="0.002"/>
  <testcase name="PUT_Con_Dos_Colision" classname="Ex4Test.TestEx4" time="0"/>
  <testcase name="Drop_Elemento_Con_Colision_2a_Posicion" classname="Ex4Test.TestEx4" time="0.011"/>
  <testcase name="Get_Elemento_No_Existente_En_Posicion_Ocupada_Sin_Colisionar" classname="Ex4Test.TestEx4" time="0.003"/>
  <testcase name="Get_Con_Colision_3a_posicion_mismo_bucket" classname="Ex4Test.TestEx4" time="0.006"/>
  <testcase name="Get_Con_Colision_2a_posicion_mismo_bucket" classname="Ex4Test.TestEx4" time="0.004"/>
  <testcase name="Get_Con_Colision_1a_posicion_mismo_bucket" classname="Ex4Test.TestEx4" time="0.001"/>
  <testcase name="Actualizar_Elemento_Con_Tres_Colisiones" classname="Ex4Test.TestEx4" time="0.001"/>
  <testcase name="Get_Elemento_No_Existente_En_Posicion_Ocupada_Con_3_Elementos_Colisionando" classname="Ex4Test.TestEx4" time="0.001"/>
  <testcase name="Get_Elemento_No_Existente" classname="Ex4Test.TestEx4" time="0.002"/>
  <testcase name="Drop_Elemento_No_Existe_Posicion_Ocupada_Por_3_Elementos_Colisionants" classname="Ex4Test.TestEx4" time="0.001"/>
  <testcase name="Drop_Elemento_Sin_Colision" classname="Ex4Test.TestEx4" time="0"/>
  <testcase name="Drop_Elemento_Con_Colision_1a_Posicion" classname="Ex4Test.TestEx4" time="0"/>
  <testcase name="PUT_En_Lleno{String, String, String, String}[1]" classname="Ex4Test.TestEx4" time="0.005"/>
  <testcase name="PUT_En_Lleno{String, String, String, String}[2]" classname="Ex4Test.TestEx4" time="0.002"/>
  <testcase name="PUT_En_Vacia{String, String}[1]" classname="Ex4Test.TestEx4" time="0.007"/>
  <testcase name="PUT_En_Vacia{String, String}[2]" classname="Ex4Test.TestEx4" time="0.001"/>
  <testcase name="PUT_En_Vacia{String, String}[3]" classname="Ex4Test.TestEx4" time="0.002"/>
  <testcase name="PUT_En_Vacia{String, String}[4]" classname="Ex4Test.TestEx4" time="0.002"/>
</testsuite>